[2022-01-07 16:04:04,699] {taskinstance.py:1032} INFO - Dependencies all met for <TaskInstance: booking_ingestion.transform_data manual__2022-01-07T10:34:00.533264+00:00 [queued]>
[2022-01-07 16:04:04,707] {taskinstance.py:1032} INFO - Dependencies all met for <TaskInstance: booking_ingestion.transform_data manual__2022-01-07T10:34:00.533264+00:00 [queued]>
[2022-01-07 16:04:04,707] {taskinstance.py:1238} INFO - 
--------------------------------------------------------------------------------
[2022-01-07 16:04:04,707] {taskinstance.py:1239} INFO - Starting attempt 1 of 1
[2022-01-07 16:04:04,707] {taskinstance.py:1240} INFO - 
--------------------------------------------------------------------------------
[2022-01-07 16:04:04,717] {taskinstance.py:1259} INFO - Executing <Task(PythonOperator): transform_data> on 2022-01-07 10:34:00.533264+00:00
[2022-01-07 16:04:04,720] {standard_task_runner.py:52} INFO - Started process 91861 to run task
[2022-01-07 16:04:04,726] {standard_task_runner.py:76} INFO - Running: ['airflow', 'tasks', 'run', 'booking_ingestion', 'transform_data', 'manual__2022-01-07T10:34:00.533264+00:00', '--job-id', '341', '--raw', '--subdir', 'DAGS_FOLDER/main.py', '--cfg-path', '/var/folders/3z/fyvld5jd6lxbb7nt49h4jx1h0000gn/T/tmp4zit_mby', '--error-file', '/var/folders/3z/fyvld5jd6lxbb7nt49h4jx1h0000gn/T/tmpccsrb4n8']
[2022-01-07 16:04:04,728] {standard_task_runner.py:77} INFO - Job 341: Subtask transform_data
[2022-01-07 16:04:04,774] {logging_mixin.py:109} INFO - Running <TaskInstance: booking_ingestion.transform_data manual__2022-01-07T10:34:00.533264+00:00 [running]> on host 1.0.0.0.0.0.0.0.0.0.0.0.0.0.0.0.0.0.0.0.0.0.0.0.0.0.0.0.0.0.0.0.ip6.arpa
[2022-01-07 16:04:04,809] {logging_mixin.py:109} WARNING - /Users/admin/opt/miniconda3/envs/airflow-tutorial/lib/python3.7/site-packages/airflow/utils/context.py:152 AirflowContextDeprecationWarning: Accessing 'execution_date' from the template is deprecated and will be removed in a future version. Please use 'data_interval_start' or 'logical_date' instead.
[2022-01-07 16:04:04,824] {taskinstance.py:1426} INFO - Exporting the following env vars:
AIRFLOW_CTX_DAG_OWNER=nivedita
AIRFLOW_CTX_DAG_ID=booking_ingestion
AIRFLOW_CTX_TASK_ID=transform_data
AIRFLOW_CTX_EXECUTION_DATE=2022-01-07T10:34:00.533264+00:00
AIRFLOW_CTX_DAG_RUN_ID=manual__2022-01-07T10:34:00.533264+00:00
[2022-01-07 16:04:04,825] {logging_mixin.py:109} INFO - Ingesting data for date: 2022-01-07 10
[2022-01-07 16:04:04,881] {python.py:175} INFO - Done. Returned value was: None
[2022-01-07 16:04:04,888] {taskinstance.py:1277} INFO - Marking task as SUCCESS. dag_id=booking_ingestion, task_id=transform_data, execution_date=20220107T103400, start_date=20220107T103404, end_date=20220107T103404
[2022-01-07 16:04:04,905] {local_task_job.py:154} INFO - Task exited with return code 0
[2022-01-07 16:04:04,928] {local_task_job.py:264} INFO - 1 downstream tasks scheduled from follow-on schedule check
