[2022-01-05 18:23:41,358] {taskinstance.py:1032} INFO - Dependencies all met for <TaskInstance: example_bash_operator.runme_2 scheduled__2022-01-04T00:00:00+00:00 [queued]>
[2022-01-05 18:23:41,367] {taskinstance.py:1032} INFO - Dependencies all met for <TaskInstance: example_bash_operator.runme_2 scheduled__2022-01-04T00:00:00+00:00 [queued]>
[2022-01-05 18:23:41,367] {taskinstance.py:1238} INFO - 
--------------------------------------------------------------------------------
[2022-01-05 18:23:41,367] {taskinstance.py:1239} INFO - Starting attempt 1 of 1
[2022-01-05 18:23:41,368] {taskinstance.py:1240} INFO - 
--------------------------------------------------------------------------------
[2022-01-05 18:23:41,378] {taskinstance.py:1259} INFO - Executing <Task(BashOperator): runme_2> on 2022-01-04 00:00:00+00:00
[2022-01-05 18:23:41,381] {standard_task_runner.py:52} INFO - Started process 24846 to run task
[2022-01-05 18:23:41,388] {standard_task_runner.py:76} INFO - Running: ['airflow', 'tasks', 'run', 'example_bash_operator', 'runme_2', 'scheduled__2022-01-04T00:00:00+00:00', '--job-id', '8', '--raw', '--subdir', '/Users/admin/opt/miniconda3/envs/airflow-tutorial/lib/python3.7/site-packages/airflow/example_dags/example_bash_operator.py', '--cfg-path', '/var/folders/3z/fyvld5jd6lxbb7nt49h4jx1h0000gn/T/tmpny0930g9', '--error-file', '/var/folders/3z/fyvld5jd6lxbb7nt49h4jx1h0000gn/T/tmpnlyarz6s']
[2022-01-05 18:23:41,390] {standard_task_runner.py:77} INFO - Job 8: Subtask runme_2
[2022-01-05 18:23:41,444] {logging_mixin.py:109} INFO - Running <TaskInstance: example_bash_operator.runme_2 scheduled__2022-01-04T00:00:00+00:00 [running]> on host 1.0.0.0.0.0.0.0.0.0.0.0.0.0.0.0.0.0.0.0.0.0.0.0.0.0.0.0.0.0.0.0.ip6.arpa
[2022-01-05 18:23:41,483] {taskinstance.py:1426} INFO - Exporting the following env vars:
AIRFLOW_CTX_DAG_OWNER=airflow
AIRFLOW_CTX_DAG_ID=example_bash_operator
AIRFLOW_CTX_TASK_ID=runme_2
AIRFLOW_CTX_EXECUTION_DATE=2022-01-04T00:00:00+00:00
AIRFLOW_CTX_DAG_RUN_ID=scheduled__2022-01-04T00:00:00+00:00
[2022-01-05 18:23:41,484] {subprocess.py:62} INFO - Tmp dir root location: 
 /var/folders/3z/fyvld5jd6lxbb7nt49h4jx1h0000gn/T
[2022-01-05 18:23:41,485] {subprocess.py:74} INFO - Running command: ['bash', '-c', 'echo "example_bash_operator__runme_2__20220104" && sleep 1']
[2022-01-05 18:23:41,493] {subprocess.py:85} INFO - Output:
[2022-01-05 18:23:41,498] {subprocess.py:89} INFO - example_bash_operator__runme_2__20220104
[2022-01-05 18:23:42,502] {subprocess.py:93} INFO - Command exited with return code 0
[2022-01-05 18:23:42,525] {taskinstance.py:1277} INFO - Marking task as SUCCESS. dag_id=example_bash_operator, task_id=runme_2, execution_date=20220104T000000, start_date=20220105T125341, end_date=20220105T125342
[2022-01-05 18:23:42,543] {local_task_job.py:154} INFO - Task exited with return code 0
[2022-01-05 18:23:42,574] {local_task_job.py:264} INFO - 1 downstream tasks scheduled from follow-on schedule check
