[2022-01-06 16:42:44,793] {taskinstance.py:1032} INFO - Dependencies all met for <TaskInstance: print_random_number.templated manual__2022-01-06T10:48:10.392055+00:00 [queued]>
[2022-01-06 16:42:44,802] {taskinstance.py:1032} INFO - Dependencies all met for <TaskInstance: print_random_number.templated manual__2022-01-06T10:48:10.392055+00:00 [queued]>
[2022-01-06 16:42:44,802] {taskinstance.py:1238} INFO - 
--------------------------------------------------------------------------------
[2022-01-06 16:42:44,802] {taskinstance.py:1239} INFO - Starting attempt 1 of 2
[2022-01-06 16:42:44,802] {taskinstance.py:1240} INFO - 
--------------------------------------------------------------------------------
[2022-01-06 16:42:44,814] {taskinstance.py:1259} INFO - Executing <Task(BashOperator): templated> on 2022-01-06 10:48:10.392055+00:00
[2022-01-06 16:42:44,817] {standard_task_runner.py:52} INFO - Started process 64178 to run task
[2022-01-06 16:42:44,824] {standard_task_runner.py:76} INFO - Running: ['airflow', 'tasks', 'run', 'print_random_number', 'templated', 'manual__2022-01-06T10:48:10.392055+00:00', '--job-id', '68', '--raw', '--subdir', 'DAGS_FOLDER/print_random.py', '--cfg-path', '/var/folders/3z/fyvld5jd6lxbb7nt49h4jx1h0000gn/T/tmputqrwpjx', '--error-file', '/var/folders/3z/fyvld5jd6lxbb7nt49h4jx1h0000gn/T/tmpw9t_qkcf']
[2022-01-06 16:42:44,826] {standard_task_runner.py:77} INFO - Job 68: Subtask templated
[2022-01-06 16:42:44,872] {logging_mixin.py:109} INFO - Running <TaskInstance: print_random_number.templated manual__2022-01-06T10:48:10.392055+00:00 [running]> on host 1.0.0.0.0.0.0.0.0.0.0.0.0.0.0.0.0.0.0.0.0.0.0.0.0.0.0.0.0.0.0.0.ip6.arpa
[2022-01-06 16:42:44,922] {taskinstance.py:1426} INFO - Exporting the following env vars:
AIRFLOW_CTX_DAG_EMAIL=airflow@example.com
AIRFLOW_CTX_DAG_OWNER=airflow
AIRFLOW_CTX_DAG_ID=print_random_number
AIRFLOW_CTX_TASK_ID=templated
AIRFLOW_CTX_EXECUTION_DATE=2022-01-06T10:48:10.392055+00:00
AIRFLOW_CTX_DAG_RUN_ID=manual__2022-01-06T10:48:10.392055+00:00
[2022-01-06 16:42:44,923] {subprocess.py:62} INFO - Tmp dir root location: 
 /var/folders/3z/fyvld5jd6lxbb7nt49h4jx1h0000gn/T
[2022-01-06 16:42:44,924] {subprocess.py:74} INFO - Running command: ['bash', '-c', '\n\n    echo "2022-01-06"\n    echo "2022-01-13"\n    echo "Parameter I passed in"\n\n    echo "2022-01-06"\n    echo "2022-01-13"\n    echo "Parameter I passed in"\n\n    echo "2022-01-06"\n    echo "2022-01-13"\n    echo "Parameter I passed in"\n\n    echo "2022-01-06"\n    echo "2022-01-13"\n    echo "Parameter I passed in"\n\n    echo "2022-01-06"\n    echo "2022-01-13"\n    echo "Parameter I passed in"\n']
[2022-01-06 16:42:44,931] {subprocess.py:85} INFO - Output:
[2022-01-06 16:42:44,934] {subprocess.py:89} INFO - 2022-01-06
[2022-01-06 16:42:44,935] {subprocess.py:89} INFO - 2022-01-13
[2022-01-06 16:42:44,935] {subprocess.py:89} INFO - Parameter I passed in
[2022-01-06 16:42:44,936] {subprocess.py:89} INFO - 2022-01-06
[2022-01-06 16:42:44,937] {subprocess.py:89} INFO - 2022-01-13
[2022-01-06 16:42:44,937] {subprocess.py:89} INFO - Parameter I passed in
[2022-01-06 16:42:44,938] {subprocess.py:89} INFO - 2022-01-06
[2022-01-06 16:42:44,938] {subprocess.py:89} INFO - 2022-01-13
[2022-01-06 16:42:44,938] {subprocess.py:89} INFO - Parameter I passed in
[2022-01-06 16:42:44,939] {subprocess.py:89} INFO - 2022-01-06
[2022-01-06 16:42:44,939] {subprocess.py:89} INFO - 2022-01-13
[2022-01-06 16:42:44,940] {subprocess.py:89} INFO - Parameter I passed in
[2022-01-06 16:42:44,940] {subprocess.py:89} INFO - 2022-01-06
[2022-01-06 16:42:44,941] {subprocess.py:89} INFO - 2022-01-13
[2022-01-06 16:42:44,941] {subprocess.py:89} INFO - Parameter I passed in
[2022-01-06 16:42:44,942] {subprocess.py:93} INFO - Command exited with return code 0
[2022-01-06 16:42:45,020] {taskinstance.py:1277} INFO - Marking task as SUCCESS. dag_id=print_random_number, task_id=templated, execution_date=20220106T104810, start_date=20220106T111244, end_date=20220106T111245
[2022-01-06 16:42:45,041] {local_task_job.py:154} INFO - Task exited with return code 0
[2022-01-06 16:42:45,061] {local_task_job.py:264} INFO - 0 downstream tasks scheduled from follow-on schedule check
