[2022-01-06 17:39:18,373] {taskinstance.py:1032} INFO - Dependencies all met for <TaskInstance: emailoperator_demo.executetask scheduled__2022-01-05T00:00:00+00:00 [queued]>
[2022-01-06 17:39:18,382] {taskinstance.py:1032} INFO - Dependencies all met for <TaskInstance: emailoperator_demo.executetask scheduled__2022-01-05T00:00:00+00:00 [queued]>
[2022-01-06 17:39:18,383] {taskinstance.py:1238} INFO - 
--------------------------------------------------------------------------------
[2022-01-06 17:39:18,383] {taskinstance.py:1239} INFO - Starting attempt 1 of 1
[2022-01-06 17:39:18,383] {taskinstance.py:1240} INFO - 
--------------------------------------------------------------------------------
[2022-01-06 17:39:18,393] {taskinstance.py:1259} INFO - Executing <Task(PythonOperator): executetask> on 2022-01-05 00:00:00+00:00
[2022-01-06 17:39:18,396] {standard_task_runner.py:52} INFO - Started process 68339 to run task
[2022-01-06 17:39:18,404] {standard_task_runner.py:76} INFO - Running: ['airflow', 'tasks', 'run', 'emailoperator_demo', 'executetask', 'scheduled__2022-01-05T00:00:00+00:00', '--job-id', '88', '--raw', '--subdir', 'DAGS_FOLDER/email_operator_demo.py', '--cfg-path', '/var/folders/3z/fyvld5jd6lxbb7nt49h4jx1h0000gn/T/tmpczeou9j8', '--error-file', '/var/folders/3z/fyvld5jd6lxbb7nt49h4jx1h0000gn/T/tmpy0s_aogh']
[2022-01-06 17:39:18,406] {standard_task_runner.py:77} INFO - Job 88: Subtask executetask
[2022-01-06 17:39:18,465] {logging_mixin.py:109} INFO - Running <TaskInstance: emailoperator_demo.executetask scheduled__2022-01-05T00:00:00+00:00 [running]> on host 1.0.0.0.0.0.0.0.0.0.0.0.0.0.0.0.0.0.0.0.0.0.0.0.0.0.0.0.0.0.0.0.ip6.arpa
[2022-01-06 17:39:18,500] {taskinstance.py:1426} INFO - Exporting the following env vars:
AIRFLOW_CTX_DAG_OWNER=airflow
AIRFLOW_CTX_DAG_ID=emailoperator_demo
AIRFLOW_CTX_TASK_ID=executetask
AIRFLOW_CTX_EXECUTION_DATE=2022-01-05T00:00:00+00:00
AIRFLOW_CTX_DAG_RUN_ID=scheduled__2022-01-05T00:00:00+00:00
[2022-01-06 17:39:18,501] {logging_mixin.py:109} INFO - task started
[2022-01-06 17:39:18,502] {python.py:175} INFO - Done. Returned value was: None
[2022-01-06 17:39:18,508] {taskinstance.py:1277} INFO - Marking task as SUCCESS. dag_id=emailoperator_demo, task_id=executetask, execution_date=20220105T000000, start_date=20220106T120918, end_date=20220106T120918
[2022-01-06 17:39:18,544] {local_task_job.py:154} INFO - Task exited with return code 0
[2022-01-06 17:39:18,568] {local_task_job.py:264} INFO - 1 downstream tasks scheduled from follow-on schedule check
[2022-01-06 17:40:22,584] {taskinstance.py:1032} INFO - Dependencies all met for <TaskInstance: emailoperator_demo.executetask scheduled__2022-01-05T00:00:00+00:00 [queued]>
[2022-01-06 17:40:22,592] {taskinstance.py:1032} INFO - Dependencies all met for <TaskInstance: emailoperator_demo.executetask scheduled__2022-01-05T00:00:00+00:00 [queued]>
[2022-01-06 17:40:22,592] {taskinstance.py:1238} INFO - 
--------------------------------------------------------------------------------
[2022-01-06 17:40:22,592] {taskinstance.py:1239} INFO - Starting attempt 1 of 1
[2022-01-06 17:40:22,592] {taskinstance.py:1240} INFO - 
--------------------------------------------------------------------------------
[2022-01-06 17:40:22,601] {taskinstance.py:1259} INFO - Executing <Task(PythonOperator): executetask> on 2022-01-05 00:00:00+00:00
[2022-01-06 17:40:22,604] {standard_task_runner.py:52} INFO - Started process 68427 to run task
[2022-01-06 17:40:22,610] {standard_task_runner.py:76} INFO - Running: ['airflow', 'tasks', 'run', 'emailoperator_demo', 'executetask', 'scheduled__2022-01-05T00:00:00+00:00', '--job-id', '92', '--raw', '--subdir', 'DAGS_FOLDER/email_operator_demo.py', '--cfg-path', '/var/folders/3z/fyvld5jd6lxbb7nt49h4jx1h0000gn/T/tmp94t64z9b', '--error-file', '/var/folders/3z/fyvld5jd6lxbb7nt49h4jx1h0000gn/T/tmphtu2t0nr']
[2022-01-06 17:40:22,613] {standard_task_runner.py:77} INFO - Job 92: Subtask executetask
[2022-01-06 17:40:22,655] {logging_mixin.py:109} INFO - Running <TaskInstance: emailoperator_demo.executetask scheduled__2022-01-05T00:00:00+00:00 [running]> on host 1.0.0.0.0.0.0.0.0.0.0.0.0.0.0.0.0.0.0.0.0.0.0.0.0.0.0.0.0.0.0.0.ip6.arpa
[2022-01-06 17:40:22,706] {taskinstance.py:1426} INFO - Exporting the following env vars:
AIRFLOW_CTX_DAG_OWNER=airflow
AIRFLOW_CTX_DAG_ID=emailoperator_demo
AIRFLOW_CTX_TASK_ID=executetask
AIRFLOW_CTX_EXECUTION_DATE=2022-01-05T00:00:00+00:00
AIRFLOW_CTX_DAG_RUN_ID=scheduled__2022-01-05T00:00:00+00:00
[2022-01-06 17:40:22,709] {logging_mixin.py:109} INFO - task started
[2022-01-06 17:40:22,710] {python.py:175} INFO - Done. Returned value was: None
[2022-01-06 17:40:22,722] {taskinstance.py:1277} INFO - Marking task as SUCCESS. dag_id=emailoperator_demo, task_id=executetask, execution_date=20220105T000000, start_date=20220106T121022, end_date=20220106T121022
[2022-01-06 17:40:22,787] {local_task_job.py:154} INFO - Task exited with return code 0
[2022-01-06 17:40:22,825] {local_task_job.py:264} INFO - 1 downstream tasks scheduled from follow-on schedule check
