[2022-01-06 16:43:03,353] {taskinstance.py:1032} INFO - Dependencies all met for <TaskInstance: print_random_number.templated scheduled__2022-01-05T00:00:00+00:00 [queued]>
[2022-01-06 16:43:03,362] {taskinstance.py:1032} INFO - Dependencies all met for <TaskInstance: print_random_number.templated scheduled__2022-01-05T00:00:00+00:00 [queued]>
[2022-01-06 16:43:03,362] {taskinstance.py:1238} INFO - 
--------------------------------------------------------------------------------
[2022-01-06 16:43:03,362] {taskinstance.py:1239} INFO - Starting attempt 1 of 2
[2022-01-06 16:43:03,362] {taskinstance.py:1240} INFO - 
--------------------------------------------------------------------------------
[2022-01-06 16:43:03,376] {taskinstance.py:1259} INFO - Executing <Task(BashOperator): templated> on 2022-01-05 00:00:00+00:00
[2022-01-06 16:43:03,379] {standard_task_runner.py:52} INFO - Started process 64209 to run task
[2022-01-06 16:43:03,389] {standard_task_runner.py:76} INFO - Running: ['airflow', 'tasks', 'run', 'print_random_number', 'templated', 'scheduled__2022-01-05T00:00:00+00:00', '--job-id', '72', '--raw', '--subdir', 'DAGS_FOLDER/print_random.py', '--cfg-path', '/var/folders/3z/fyvld5jd6lxbb7nt49h4jx1h0000gn/T/tmpfvkfnvpl', '--error-file', '/var/folders/3z/fyvld5jd6lxbb7nt49h4jx1h0000gn/T/tmphkonfb3k']
[2022-01-06 16:43:03,391] {standard_task_runner.py:77} INFO - Job 72: Subtask templated
[2022-01-06 16:43:03,453] {logging_mixin.py:109} INFO - Running <TaskInstance: print_random_number.templated scheduled__2022-01-05T00:00:00+00:00 [running]> on host 1.0.0.0.0.0.0.0.0.0.0.0.0.0.0.0.0.0.0.0.0.0.0.0.0.0.0.0.0.0.0.0.ip6.arpa
[2022-01-06 16:43:03,526] {taskinstance.py:1426} INFO - Exporting the following env vars:
AIRFLOW_CTX_DAG_EMAIL=airflow@example.com
AIRFLOW_CTX_DAG_OWNER=airflow
AIRFLOW_CTX_DAG_ID=print_random_number
AIRFLOW_CTX_TASK_ID=templated
AIRFLOW_CTX_EXECUTION_DATE=2022-01-05T00:00:00+00:00
AIRFLOW_CTX_DAG_RUN_ID=scheduled__2022-01-05T00:00:00+00:00
[2022-01-06 16:43:03,527] {subprocess.py:62} INFO - Tmp dir root location: 
 /var/folders/3z/fyvld5jd6lxbb7nt49h4jx1h0000gn/T
[2022-01-06 16:43:03,527] {subprocess.py:74} INFO - Running command: ['bash', '-c', '\n\n    echo "2022-01-05"\n    echo "2022-01-12"\n    echo "Parameter I passed in"\n\n    echo "2022-01-05"\n    echo "2022-01-12"\n    echo "Parameter I passed in"\n\n    echo "2022-01-05"\n    echo "2022-01-12"\n    echo "Parameter I passed in"\n\n    echo "2022-01-05"\n    echo "2022-01-12"\n    echo "Parameter I passed in"\n\n    echo "2022-01-05"\n    echo "2022-01-12"\n    echo "Parameter I passed in"\n']
[2022-01-06 16:43:03,540] {subprocess.py:85} INFO - Output:
[2022-01-06 16:43:03,548] {subprocess.py:89} INFO - 2022-01-05
[2022-01-06 16:43:03,549] {subprocess.py:89} INFO - 2022-01-12
[2022-01-06 16:43:03,550] {subprocess.py:89} INFO - Parameter I passed in
[2022-01-06 16:43:03,550] {subprocess.py:89} INFO - 2022-01-05
[2022-01-06 16:43:03,551] {subprocess.py:89} INFO - 2022-01-12
[2022-01-06 16:43:03,551] {subprocess.py:89} INFO - Parameter I passed in
[2022-01-06 16:43:03,551] {subprocess.py:89} INFO - 2022-01-05
[2022-01-06 16:43:03,552] {subprocess.py:89} INFO - 2022-01-12
[2022-01-06 16:43:03,553] {subprocess.py:89} INFO - Parameter I passed in
[2022-01-06 16:43:03,553] {subprocess.py:89} INFO - 2022-01-05
[2022-01-06 16:43:03,554] {subprocess.py:89} INFO - 2022-01-12
[2022-01-06 16:43:03,555] {subprocess.py:89} INFO - Parameter I passed in
[2022-01-06 16:43:03,557] {subprocess.py:89} INFO - 2022-01-05
[2022-01-06 16:43:03,558] {subprocess.py:89} INFO - 2022-01-12
[2022-01-06 16:43:03,559] {subprocess.py:89} INFO - Parameter I passed in
[2022-01-06 16:43:03,560] {subprocess.py:93} INFO - Command exited with return code 0
[2022-01-06 16:43:03,608] {taskinstance.py:1277} INFO - Marking task as SUCCESS. dag_id=print_random_number, task_id=templated, execution_date=20220105T000000, start_date=20220106T111303, end_date=20220106T111303
[2022-01-06 16:43:03,653] {local_task_job.py:154} INFO - Task exited with return code 0
[2022-01-06 16:43:03,677] {local_task_job.py:264} INFO - 0 downstream tasks scheduled from follow-on schedule check
