[2022-01-06 15:07:16,291] {taskinstance.py:1032} INFO - Dependencies all met for <TaskInstance: new_description.templated scheduled__2022-01-05T00:00:00+00:00 [queued]>
[2022-01-06 15:07:16,300] {taskinstance.py:1032} INFO - Dependencies all met for <TaskInstance: new_description.templated scheduled__2022-01-05T00:00:00+00:00 [queued]>
[2022-01-06 15:07:16,300] {taskinstance.py:1238} INFO - 
--------------------------------------------------------------------------------
[2022-01-06 15:07:16,300] {taskinstance.py:1239} INFO - Starting attempt 1 of 2
[2022-01-06 15:07:16,300] {taskinstance.py:1240} INFO - 
--------------------------------------------------------------------------------
[2022-01-06 15:07:16,310] {taskinstance.py:1259} INFO - Executing <Task(BashOperator): templated> on 2022-01-05 00:00:00+00:00
[2022-01-06 15:07:16,312] {standard_task_runner.py:52} INFO - Started process 58154 to run task
[2022-01-06 15:07:16,318] {standard_task_runner.py:76} INFO - Running: ['airflow', 'tasks', 'run', 'new_description', 'templated', 'scheduled__2022-01-05T00:00:00+00:00', '--job-id', '31', '--raw', '--subdir', 'DAGS_FOLDER/new_description_dag.py', '--cfg-path', '/var/folders/3z/fyvld5jd6lxbb7nt49h4jx1h0000gn/T/tmp8eroxjxo', '--error-file', '/var/folders/3z/fyvld5jd6lxbb7nt49h4jx1h0000gn/T/tmpf_npzm9n']
[2022-01-06 15:07:16,321] {standard_task_runner.py:77} INFO - Job 31: Subtask templated
[2022-01-06 15:07:16,386] {logging_mixin.py:109} INFO - Running <TaskInstance: new_description.templated scheduled__2022-01-05T00:00:00+00:00 [running]> on host 1.0.0.0.0.0.0.0.0.0.0.0.0.0.0.0.0.0.0.0.0.0.0.0.0.0.0.0.0.0.0.0.ip6.arpa
[2022-01-06 15:07:16,445] {taskinstance.py:1426} INFO - Exporting the following env vars:
AIRFLOW_CTX_DAG_EMAIL=airflow@example.com
AIRFLOW_CTX_DAG_OWNER=airflow
AIRFLOW_CTX_DAG_ID=new_description
AIRFLOW_CTX_TASK_ID=templated
AIRFLOW_CTX_EXECUTION_DATE=2022-01-05T00:00:00+00:00
AIRFLOW_CTX_DAG_RUN_ID=scheduled__2022-01-05T00:00:00+00:00
[2022-01-06 15:07:16,446] {subprocess.py:62} INFO - Tmp dir root location: 
 /var/folders/3z/fyvld5jd6lxbb7nt49h4jx1h0000gn/T
[2022-01-06 15:07:16,446] {subprocess.py:74} INFO - Running command: ['bash', '-c', '\n\n    echo "2022-01-05"\n    echo "2022-01-12"\n    echo "Parameter I passed in"\n\n    echo "2022-01-05"\n    echo "2022-01-12"\n    echo "Parameter I passed in"\n\n    echo "2022-01-05"\n    echo "2022-01-12"\n    echo "Parameter I passed in"\n\n    echo "2022-01-05"\n    echo "2022-01-12"\n    echo "Parameter I passed in"\n\n    echo "2022-01-05"\n    echo "2022-01-12"\n    echo "Parameter I passed in"\n']
[2022-01-06 15:07:16,454] {subprocess.py:85} INFO - Output:
[2022-01-06 15:07:16,457] {subprocess.py:89} INFO - 2022-01-05
[2022-01-06 15:07:16,457] {subprocess.py:89} INFO - 2022-01-12
[2022-01-06 15:07:16,457] {subprocess.py:89} INFO - Parameter I passed in
[2022-01-06 15:07:16,458] {subprocess.py:89} INFO - 2022-01-05
[2022-01-06 15:07:16,458] {subprocess.py:89} INFO - 2022-01-12
[2022-01-06 15:07:16,458] {subprocess.py:89} INFO - Parameter I passed in
[2022-01-06 15:07:16,458] {subprocess.py:89} INFO - 2022-01-05
[2022-01-06 15:07:16,459] {subprocess.py:89} INFO - 2022-01-12
[2022-01-06 15:07:16,459] {subprocess.py:89} INFO - Parameter I passed in
[2022-01-06 15:07:16,459] {subprocess.py:89} INFO - 2022-01-05
[2022-01-06 15:07:16,459] {subprocess.py:89} INFO - 2022-01-12
[2022-01-06 15:07:16,460] {subprocess.py:89} INFO - Parameter I passed in
[2022-01-06 15:07:16,460] {subprocess.py:89} INFO - 2022-01-05
[2022-01-06 15:07:16,460] {subprocess.py:89} INFO - 2022-01-12
[2022-01-06 15:07:16,460] {subprocess.py:89} INFO - Parameter I passed in
[2022-01-06 15:07:16,461] {subprocess.py:93} INFO - Command exited with return code 0
[2022-01-06 15:07:16,482] {taskinstance.py:1277} INFO - Marking task as SUCCESS. dag_id=new_description, task_id=templated, execution_date=20220105T000000, start_date=20220106T093716, end_date=20220106T093716
[2022-01-06 15:07:16,505] {local_task_job.py:154} INFO - Task exited with return code 0
[2022-01-06 15:07:16,530] {local_task_job.py:264} INFO - 0 downstream tasks scheduled from follow-on schedule check
