[2022-01-06 16:43:41,980] {taskinstance.py:1032} INFO - Dependencies all met for <TaskInstance: print_random_number.hello scheduled__2022-01-01T00:00:00+00:00 [queued]>
[2022-01-06 16:43:41,988] {taskinstance.py:1032} INFO - Dependencies all met for <TaskInstance: print_random_number.hello scheduled__2022-01-01T00:00:00+00:00 [queued]>
[2022-01-06 16:43:41,988] {taskinstance.py:1238} INFO - 
--------------------------------------------------------------------------------
[2022-01-06 16:43:41,988] {taskinstance.py:1239} INFO - Starting attempt 1 of 2
[2022-01-06 16:43:41,988] {taskinstance.py:1240} INFO - 
--------------------------------------------------------------------------------
[2022-01-06 16:43:41,997] {taskinstance.py:1259} INFO - Executing <Task(PythonOperator): hello> on 2022-01-01 00:00:00+00:00
[2022-01-06 16:43:41,999] {standard_task_runner.py:52} INFO - Started process 64295 to run task
[2022-01-06 16:43:42,004] {standard_task_runner.py:76} INFO - Running: ['airflow', 'tasks', 'run', 'print_random_number', 'hello', 'scheduled__2022-01-01T00:00:00+00:00', '--job-id', '85', '--raw', '--subdir', 'DAGS_FOLDER/print_random.py', '--cfg-path', '/var/folders/3z/fyvld5jd6lxbb7nt49h4jx1h0000gn/T/tmpnl4dq498', '--error-file', '/var/folders/3z/fyvld5jd6lxbb7nt49h4jx1h0000gn/T/tmpvdlvg23f']
[2022-01-06 16:43:42,006] {standard_task_runner.py:77} INFO - Job 85: Subtask hello
[2022-01-06 16:43:42,048] {logging_mixin.py:109} INFO - Running <TaskInstance: print_random_number.hello scheduled__2022-01-01T00:00:00+00:00 [running]> on host 1.0.0.0.0.0.0.0.0.0.0.0.0.0.0.0.0.0.0.0.0.0.0.0.0.0.0.0.0.0.0.0.ip6.arpa
[2022-01-06 16:43:42,082] {taskinstance.py:1426} INFO - Exporting the following env vars:
AIRFLOW_CTX_DAG_EMAIL=airflow@example.com
AIRFLOW_CTX_DAG_OWNER=airflow
AIRFLOW_CTX_DAG_ID=print_random_number
AIRFLOW_CTX_TASK_ID=hello
AIRFLOW_CTX_EXECUTION_DATE=2022-01-01T00:00:00+00:00
AIRFLOW_CTX_DAG_RUN_ID=scheduled__2022-01-01T00:00:00+00:00
[2022-01-06 16:43:42,083] {logging_mixin.py:109} INFO - Hello
[2022-01-06 16:43:42,083] {python.py:175} INFO - Done. Returned value was: None
[2022-01-06 16:43:42,089] {taskinstance.py:1277} INFO - Marking task as SUCCESS. dag_id=print_random_number, task_id=hello, execution_date=20220101T000000, start_date=20220106T111341, end_date=20220106T111342
[2022-01-06 16:43:42,107] {local_task_job.py:154} INFO - Task exited with return code 0
[2022-01-06 16:43:42,126] {local_task_job.py:264} INFO - 0 downstream tasks scheduled from follow-on schedule check
