[2022-01-06 16:43:39,769] {taskinstance.py:1032} INFO - Dependencies all met for <TaskInstance: print_random_number.templated scheduled__2021-12-31T00:00:00+00:00 [queued]>
[2022-01-06 16:43:39,777] {taskinstance.py:1032} INFO - Dependencies all met for <TaskInstance: print_random_number.templated scheduled__2021-12-31T00:00:00+00:00 [queued]>
[2022-01-06 16:43:39,777] {taskinstance.py:1238} INFO - 
--------------------------------------------------------------------------------
[2022-01-06 16:43:39,777] {taskinstance.py:1239} INFO - Starting attempt 1 of 2
[2022-01-06 16:43:39,777] {taskinstance.py:1240} INFO - 
--------------------------------------------------------------------------------
[2022-01-06 16:43:39,786] {taskinstance.py:1259} INFO - Executing <Task(BashOperator): templated> on 2021-12-31 00:00:00+00:00
[2022-01-06 16:43:39,788] {standard_task_runner.py:52} INFO - Started process 64289 to run task
[2022-01-06 16:43:39,794] {standard_task_runner.py:76} INFO - Running: ['airflow', 'tasks', 'run', 'print_random_number', 'templated', 'scheduled__2021-12-31T00:00:00+00:00', '--job-id', '84', '--raw', '--subdir', 'DAGS_FOLDER/print_random.py', '--cfg-path', '/var/folders/3z/fyvld5jd6lxbb7nt49h4jx1h0000gn/T/tmpe514_2q5', '--error-file', '/var/folders/3z/fyvld5jd6lxbb7nt49h4jx1h0000gn/T/tmp4y_7mc55']
[2022-01-06 16:43:39,796] {standard_task_runner.py:77} INFO - Job 84: Subtask templated
[2022-01-06 16:43:39,839] {logging_mixin.py:109} INFO - Running <TaskInstance: print_random_number.templated scheduled__2021-12-31T00:00:00+00:00 [running]> on host 1.0.0.0.0.0.0.0.0.0.0.0.0.0.0.0.0.0.0.0.0.0.0.0.0.0.0.0.0.0.0.0.ip6.arpa
[2022-01-06 16:43:39,885] {taskinstance.py:1426} INFO - Exporting the following env vars:
AIRFLOW_CTX_DAG_EMAIL=airflow@example.com
AIRFLOW_CTX_DAG_OWNER=airflow
AIRFLOW_CTX_DAG_ID=print_random_number
AIRFLOW_CTX_TASK_ID=templated
AIRFLOW_CTX_EXECUTION_DATE=2021-12-31T00:00:00+00:00
AIRFLOW_CTX_DAG_RUN_ID=scheduled__2021-12-31T00:00:00+00:00
[2022-01-06 16:43:39,886] {subprocess.py:62} INFO - Tmp dir root location: 
 /var/folders/3z/fyvld5jd6lxbb7nt49h4jx1h0000gn/T
[2022-01-06 16:43:39,887] {subprocess.py:74} INFO - Running command: ['bash', '-c', '\n\n    echo "2021-12-31"\n    echo "2022-01-07"\n    echo "Parameter I passed in"\n\n    echo "2021-12-31"\n    echo "2022-01-07"\n    echo "Parameter I passed in"\n\n    echo "2021-12-31"\n    echo "2022-01-07"\n    echo "Parameter I passed in"\n\n    echo "2021-12-31"\n    echo "2022-01-07"\n    echo "Parameter I passed in"\n\n    echo "2021-12-31"\n    echo "2022-01-07"\n    echo "Parameter I passed in"\n']
[2022-01-06 16:43:39,893] {subprocess.py:85} INFO - Output:
[2022-01-06 16:43:39,896] {subprocess.py:89} INFO - 2021-12-31
[2022-01-06 16:43:39,896] {subprocess.py:89} INFO - 2022-01-07
[2022-01-06 16:43:39,896] {subprocess.py:89} INFO - Parameter I passed in
[2022-01-06 16:43:39,897] {subprocess.py:89} INFO - 2021-12-31
[2022-01-06 16:43:39,897] {subprocess.py:89} INFO - 2022-01-07
[2022-01-06 16:43:39,897] {subprocess.py:89} INFO - Parameter I passed in
[2022-01-06 16:43:39,897] {subprocess.py:89} INFO - 2021-12-31
[2022-01-06 16:43:39,898] {subprocess.py:89} INFO - 2022-01-07
[2022-01-06 16:43:39,898] {subprocess.py:89} INFO - Parameter I passed in
[2022-01-06 16:43:39,898] {subprocess.py:89} INFO - 2021-12-31
[2022-01-06 16:43:39,899] {subprocess.py:89} INFO - 2022-01-07
[2022-01-06 16:43:39,899] {subprocess.py:89} INFO - Parameter I passed in
[2022-01-06 16:43:39,899] {subprocess.py:89} INFO - 2021-12-31
[2022-01-06 16:43:39,899] {subprocess.py:89} INFO - 2022-01-07
[2022-01-06 16:43:39,900] {subprocess.py:89} INFO - Parameter I passed in
[2022-01-06 16:43:39,900] {subprocess.py:93} INFO - Command exited with return code 0
[2022-01-06 16:43:39,917] {taskinstance.py:1277} INFO - Marking task as SUCCESS. dag_id=print_random_number, task_id=templated, execution_date=20211231T000000, start_date=20220106T111339, end_date=20220106T111339
[2022-01-06 16:43:39,935] {local_task_job.py:154} INFO - Task exited with return code 0
[2022-01-06 16:43:39,954] {local_task_job.py:264} INFO - 0 downstream tasks scheduled from follow-on schedule check
