[2022-01-06 16:43:24,506] {taskinstance.py:1032} INFO - Dependencies all met for <TaskInstance: print_random_number.templated scheduled__2022-01-03T00:00:00+00:00 [queued]>
[2022-01-06 16:43:24,513] {taskinstance.py:1032} INFO - Dependencies all met for <TaskInstance: print_random_number.templated scheduled__2022-01-03T00:00:00+00:00 [queued]>
[2022-01-06 16:43:24,513] {taskinstance.py:1238} INFO - 
--------------------------------------------------------------------------------
[2022-01-06 16:43:24,514] {taskinstance.py:1239} INFO - Starting attempt 1 of 2
[2022-01-06 16:43:24,514] {taskinstance.py:1240} INFO - 
--------------------------------------------------------------------------------
[2022-01-06 16:43:24,523] {taskinstance.py:1259} INFO - Executing <Task(BashOperator): templated> on 2022-01-03 00:00:00+00:00
[2022-01-06 16:43:24,525] {standard_task_runner.py:52} INFO - Started process 64249 to run task
[2022-01-06 16:43:24,532] {standard_task_runner.py:76} INFO - Running: ['airflow', 'tasks', 'run', 'print_random_number', 'templated', 'scheduled__2022-01-03T00:00:00+00:00', '--job-id', '78', '--raw', '--subdir', 'DAGS_FOLDER/print_random.py', '--cfg-path', '/var/folders/3z/fyvld5jd6lxbb7nt49h4jx1h0000gn/T/tmpyrjtsa82', '--error-file', '/var/folders/3z/fyvld5jd6lxbb7nt49h4jx1h0000gn/T/tmpseden6w1']
[2022-01-06 16:43:24,534] {standard_task_runner.py:77} INFO - Job 78: Subtask templated
[2022-01-06 16:43:24,589] {logging_mixin.py:109} INFO - Running <TaskInstance: print_random_number.templated scheduled__2022-01-03T00:00:00+00:00 [running]> on host 1.0.0.0.0.0.0.0.0.0.0.0.0.0.0.0.0.0.0.0.0.0.0.0.0.0.0.0.0.0.0.0.ip6.arpa
[2022-01-06 16:43:24,660] {taskinstance.py:1426} INFO - Exporting the following env vars:
AIRFLOW_CTX_DAG_EMAIL=airflow@example.com
AIRFLOW_CTX_DAG_OWNER=airflow
AIRFLOW_CTX_DAG_ID=print_random_number
AIRFLOW_CTX_TASK_ID=templated
AIRFLOW_CTX_EXECUTION_DATE=2022-01-03T00:00:00+00:00
AIRFLOW_CTX_DAG_RUN_ID=scheduled__2022-01-03T00:00:00+00:00
[2022-01-06 16:43:24,661] {subprocess.py:62} INFO - Tmp dir root location: 
 /var/folders/3z/fyvld5jd6lxbb7nt49h4jx1h0000gn/T
[2022-01-06 16:43:24,662] {subprocess.py:74} INFO - Running command: ['bash', '-c', '\n\n    echo "2022-01-03"\n    echo "2022-01-10"\n    echo "Parameter I passed in"\n\n    echo "2022-01-03"\n    echo "2022-01-10"\n    echo "Parameter I passed in"\n\n    echo "2022-01-03"\n    echo "2022-01-10"\n    echo "Parameter I passed in"\n\n    echo "2022-01-03"\n    echo "2022-01-10"\n    echo "Parameter I passed in"\n\n    echo "2022-01-03"\n    echo "2022-01-10"\n    echo "Parameter I passed in"\n']
[2022-01-06 16:43:24,678] {subprocess.py:85} INFO - Output:
[2022-01-06 16:43:24,685] {subprocess.py:89} INFO - 2022-01-03
[2022-01-06 16:43:24,686] {subprocess.py:89} INFO - 2022-01-10
[2022-01-06 16:43:24,687] {subprocess.py:89} INFO - Parameter I passed in
[2022-01-06 16:43:24,687] {subprocess.py:89} INFO - 2022-01-03
[2022-01-06 16:43:24,688] {subprocess.py:89} INFO - 2022-01-10
[2022-01-06 16:43:24,689] {subprocess.py:89} INFO - Parameter I passed in
[2022-01-06 16:43:24,689] {subprocess.py:89} INFO - 2022-01-03
[2022-01-06 16:43:24,691] {subprocess.py:89} INFO - 2022-01-10
[2022-01-06 16:43:24,691] {subprocess.py:89} INFO - Parameter I passed in
[2022-01-06 16:43:24,692] {subprocess.py:89} INFO - 2022-01-03
[2022-01-06 16:43:24,692] {subprocess.py:89} INFO - 2022-01-10
[2022-01-06 16:43:24,692] {subprocess.py:89} INFO - Parameter I passed in
[2022-01-06 16:43:24,692] {subprocess.py:89} INFO - 2022-01-03
[2022-01-06 16:43:24,693] {subprocess.py:89} INFO - 2022-01-10
[2022-01-06 16:43:24,693] {subprocess.py:89} INFO - Parameter I passed in
[2022-01-06 16:43:24,693] {subprocess.py:93} INFO - Command exited with return code 0
[2022-01-06 16:43:24,731] {taskinstance.py:1277} INFO - Marking task as SUCCESS. dag_id=print_random_number, task_id=templated, execution_date=20220103T000000, start_date=20220106T111324, end_date=20220106T111324
[2022-01-06 16:43:24,805] {local_task_job.py:154} INFO - Task exited with return code 0
[2022-01-06 16:43:24,842] {local_task_job.py:264} INFO - 0 downstream tasks scheduled from follow-on schedule check
