[2022-01-06 15:23:59,234] {taskinstance.py:1032} INFO - Dependencies all met for <TaskInstance: new_description.templated manual__2022-01-06T09:53:46.125674+00:00 [queued]>
[2022-01-06 15:23:59,243] {taskinstance.py:1032} INFO - Dependencies all met for <TaskInstance: new_description.templated manual__2022-01-06T09:53:46.125674+00:00 [queued]>
[2022-01-06 15:23:59,243] {taskinstance.py:1238} INFO - 
--------------------------------------------------------------------------------
[2022-01-06 15:23:59,243] {taskinstance.py:1239} INFO - Starting attempt 1 of 2
[2022-01-06 15:23:59,243] {taskinstance.py:1240} INFO - 
--------------------------------------------------------------------------------
[2022-01-06 15:23:59,253] {taskinstance.py:1259} INFO - Executing <Task(BashOperator): templated> on 2022-01-06 09:53:46.125674+00:00
[2022-01-06 15:23:59,255] {standard_task_runner.py:52} INFO - Started process 59356 to run task
[2022-01-06 15:23:59,261] {standard_task_runner.py:76} INFO - Running: ['airflow', 'tasks', 'run', 'new_description', 'templated', 'manual__2022-01-06T09:53:46.125674+00:00', '--job-id', '36', '--raw', '--subdir', 'DAGS_FOLDER/new_description_dag.py', '--cfg-path', '/var/folders/3z/fyvld5jd6lxbb7nt49h4jx1h0000gn/T/tmpmhi7iepd', '--error-file', '/var/folders/3z/fyvld5jd6lxbb7nt49h4jx1h0000gn/T/tmpqudwjea8']
[2022-01-06 15:23:59,263] {standard_task_runner.py:77} INFO - Job 36: Subtask templated
[2022-01-06 15:23:59,314] {logging_mixin.py:109} INFO - Running <TaskInstance: new_description.templated manual__2022-01-06T09:53:46.125674+00:00 [running]> on host 1.0.0.0.0.0.0.0.0.0.0.0.0.0.0.0.0.0.0.0.0.0.0.0.0.0.0.0.0.0.0.0.ip6.arpa
[2022-01-06 15:23:59,372] {taskinstance.py:1426} INFO - Exporting the following env vars:
AIRFLOW_CTX_DAG_EMAIL=airflow@example.com
AIRFLOW_CTX_DAG_OWNER=airflow
AIRFLOW_CTX_DAG_ID=new_description
AIRFLOW_CTX_TASK_ID=templated
AIRFLOW_CTX_EXECUTION_DATE=2022-01-06T09:53:46.125674+00:00
AIRFLOW_CTX_DAG_RUN_ID=manual__2022-01-06T09:53:46.125674+00:00
[2022-01-06 15:23:59,373] {subprocess.py:62} INFO - Tmp dir root location: 
 /var/folders/3z/fyvld5jd6lxbb7nt49h4jx1h0000gn/T
[2022-01-06 15:23:59,375] {subprocess.py:74} INFO - Running command: ['bash', '-c', '\n\n    echo "2022-01-06"\n    echo "2022-01-13"\n    echo "Parameter I passed in"\n\n    echo "2022-01-06"\n    echo "2022-01-13"\n    echo "Parameter I passed in"\n\n    echo "2022-01-06"\n    echo "2022-01-13"\n    echo "Parameter I passed in"\n\n    echo "2022-01-06"\n    echo "2022-01-13"\n    echo "Parameter I passed in"\n\n    echo "2022-01-06"\n    echo "2022-01-13"\n    echo "Parameter I passed in"\n']
[2022-01-06 15:23:59,382] {subprocess.py:85} INFO - Output:
[2022-01-06 15:23:59,385] {subprocess.py:89} INFO - 2022-01-06
[2022-01-06 15:23:59,385] {subprocess.py:89} INFO - 2022-01-13
[2022-01-06 15:23:59,385] {subprocess.py:89} INFO - Parameter I passed in
[2022-01-06 15:23:59,386] {subprocess.py:89} INFO - 2022-01-06
[2022-01-06 15:23:59,386] {subprocess.py:89} INFO - 2022-01-13
[2022-01-06 15:23:59,386] {subprocess.py:89} INFO - Parameter I passed in
[2022-01-06 15:23:59,386] {subprocess.py:89} INFO - 2022-01-06
[2022-01-06 15:23:59,387] {subprocess.py:89} INFO - 2022-01-13
[2022-01-06 15:23:59,387] {subprocess.py:89} INFO - Parameter I passed in
[2022-01-06 15:23:59,387] {subprocess.py:89} INFO - 2022-01-06
[2022-01-06 15:23:59,387] {subprocess.py:89} INFO - 2022-01-13
[2022-01-06 15:23:59,388] {subprocess.py:89} INFO - Parameter I passed in
[2022-01-06 15:23:59,388] {subprocess.py:89} INFO - 2022-01-06
[2022-01-06 15:23:59,388] {subprocess.py:89} INFO - 2022-01-13
[2022-01-06 15:23:59,389] {subprocess.py:89} INFO - Parameter I passed in
[2022-01-06 15:23:59,389] {subprocess.py:93} INFO - Command exited with return code 0
[2022-01-06 15:23:59,407] {taskinstance.py:1277} INFO - Marking task as SUCCESS. dag_id=new_description, task_id=templated, execution_date=20220106T095346, start_date=20220106T095359, end_date=20220106T095359
[2022-01-06 15:23:59,442] {local_task_job.py:154} INFO - Task exited with return code 0
[2022-01-06 15:23:59,462] {local_task_job.py:264} INFO - 0 downstream tasks scheduled from follow-on schedule check
