[2022-01-07 16:00:11,302] {taskinstance.py:1032} INFO - Dependencies all met for <TaskInstance: booking_ingestion.transform_data manual__2022-01-07T10:30:06.180564+00:00 [queued]>
[2022-01-07 16:00:11,309] {taskinstance.py:1032} INFO - Dependencies all met for <TaskInstance: booking_ingestion.transform_data manual__2022-01-07T10:30:06.180564+00:00 [queued]>
[2022-01-07 16:00:11,310] {taskinstance.py:1238} INFO - 
--------------------------------------------------------------------------------
[2022-01-07 16:00:11,310] {taskinstance.py:1239} INFO - Starting attempt 1 of 1
[2022-01-07 16:00:11,310] {taskinstance.py:1240} INFO - 
--------------------------------------------------------------------------------
[2022-01-07 16:00:11,319] {taskinstance.py:1259} INFO - Executing <Task(PythonOperator): transform_data> on 2022-01-07 10:30:06.180564+00:00
[2022-01-07 16:00:11,321] {standard_task_runner.py:52} INFO - Started process 91587 to run task
[2022-01-07 16:00:11,327] {standard_task_runner.py:76} INFO - Running: ['airflow', 'tasks', 'run', 'booking_ingestion', 'transform_data', 'manual__2022-01-07T10:30:06.180564+00:00', '--job-id', '339', '--raw', '--subdir', 'DAGS_FOLDER/main.py', '--cfg-path', '/var/folders/3z/fyvld5jd6lxbb7nt49h4jx1h0000gn/T/tmp5x1i7p8f', '--error-file', '/var/folders/3z/fyvld5jd6lxbb7nt49h4jx1h0000gn/T/tmpfo5q3awm']
[2022-01-07 16:00:11,329] {standard_task_runner.py:77} INFO - Job 339: Subtask transform_data
[2022-01-07 16:00:11,370] {logging_mixin.py:109} INFO - Running <TaskInstance: booking_ingestion.transform_data manual__2022-01-07T10:30:06.180564+00:00 [running]> on host 1.0.0.0.0.0.0.0.0.0.0.0.0.0.0.0.0.0.0.0.0.0.0.0.0.0.0.0.0.0.0.0.ip6.arpa
[2022-01-07 16:00:11,400] {logging_mixin.py:109} WARNING - /Users/admin/opt/miniconda3/envs/airflow-tutorial/lib/python3.7/site-packages/airflow/utils/context.py:152 AirflowContextDeprecationWarning: Accessing 'execution_date' from the template is deprecated and will be removed in a future version. Please use 'data_interval_start' or 'logical_date' instead.
[2022-01-07 16:00:11,411] {taskinstance.py:1426} INFO - Exporting the following env vars:
AIRFLOW_CTX_DAG_OWNER=nivedita
AIRFLOW_CTX_DAG_ID=booking_ingestion
AIRFLOW_CTX_TASK_ID=transform_data
AIRFLOW_CTX_EXECUTION_DATE=2022-01-07T10:30:06.180564+00:00
AIRFLOW_CTX_DAG_RUN_ID=manual__2022-01-07T10:30:06.180564+00:00
[2022-01-07 16:00:11,412] {logging_mixin.py:109} INFO - Ingesting data for date: 2022-01-07 10
[2022-01-07 16:00:11,466] {python.py:175} INFO - Done. Returned value was: None
[2022-01-07 16:00:11,473] {taskinstance.py:1277} INFO - Marking task as SUCCESS. dag_id=booking_ingestion, task_id=transform_data, execution_date=20220107T103006, start_date=20220107T103011, end_date=20220107T103011
[2022-01-07 16:00:11,518] {local_task_job.py:154} INFO - Task exited with return code 0
[2022-01-07 16:00:11,543] {local_task_job.py:264} INFO - 1 downstream tasks scheduled from follow-on schedule check
