[2022-01-06 15:07:20,025] {taskinstance.py:1032} INFO - Dependencies all met for <TaskInstance: new_description.sleep manual__2022-01-06T09:36:59.764087+00:00 [queued]>
[2022-01-06 15:07:20,034] {taskinstance.py:1032} INFO - Dependencies all met for <TaskInstance: new_description.sleep manual__2022-01-06T09:36:59.764087+00:00 [queued]>
[2022-01-06 15:07:20,035] {taskinstance.py:1238} INFO - 
--------------------------------------------------------------------------------
[2022-01-06 15:07:20,035] {taskinstance.py:1239} INFO - Starting attempt 1 of 2
[2022-01-06 15:07:20,035] {taskinstance.py:1240} INFO - 
--------------------------------------------------------------------------------
[2022-01-06 15:07:20,045] {taskinstance.py:1259} INFO - Executing <Task(BashOperator): sleep> on 2022-01-06 09:36:59.764087+00:00
[2022-01-06 15:07:20,047] {standard_task_runner.py:52} INFO - Started process 58162 to run task
[2022-01-06 15:07:20,056] {standard_task_runner.py:76} INFO - Running: ['airflow', 'tasks', 'run', 'new_description', 'sleep', 'manual__2022-01-06T09:36:59.764087+00:00', '--job-id', '32', '--raw', '--subdir', 'DAGS_FOLDER/new_description_dag.py', '--cfg-path', '/var/folders/3z/fyvld5jd6lxbb7nt49h4jx1h0000gn/T/tmpqrulll8u', '--error-file', '/var/folders/3z/fyvld5jd6lxbb7nt49h4jx1h0000gn/T/tmpjacltx1n']
[2022-01-06 15:07:20,059] {standard_task_runner.py:77} INFO - Job 32: Subtask sleep
[2022-01-06 15:07:20,123] {logging_mixin.py:109} INFO - Running <TaskInstance: new_description.sleep manual__2022-01-06T09:36:59.764087+00:00 [running]> on host 1.0.0.0.0.0.0.0.0.0.0.0.0.0.0.0.0.0.0.0.0.0.0.0.0.0.0.0.0.0.0.0.ip6.arpa
[2022-01-06 15:07:20,171] {taskinstance.py:1426} INFO - Exporting the following env vars:
AIRFLOW_CTX_DAG_EMAIL=airflow@example.com
AIRFLOW_CTX_DAG_OWNER=airflow
AIRFLOW_CTX_DAG_ID=new_description
AIRFLOW_CTX_TASK_ID=sleep
AIRFLOW_CTX_EXECUTION_DATE=2022-01-06T09:36:59.764087+00:00
AIRFLOW_CTX_DAG_RUN_ID=manual__2022-01-06T09:36:59.764087+00:00
[2022-01-06 15:07:20,172] {subprocess.py:62} INFO - Tmp dir root location: 
 /var/folders/3z/fyvld5jd6lxbb7nt49h4jx1h0000gn/T
[2022-01-06 15:07:20,173] {subprocess.py:74} INFO - Running command: ['bash', '-c', 'sleep 5']
[2022-01-06 15:07:20,185] {subprocess.py:85} INFO - Output:
[2022-01-06 15:07:25,197] {subprocess.py:93} INFO - Command exited with return code 0
[2022-01-06 15:07:25,223] {taskinstance.py:1277} INFO - Marking task as SUCCESS. dag_id=new_description, task_id=sleep, execution_date=20220106T093659, start_date=20220106T093720, end_date=20220106T093725
[2022-01-06 15:07:25,254] {local_task_job.py:154} INFO - Task exited with return code 0
[2022-01-06 15:07:25,274] {local_task_job.py:264} INFO - 0 downstream tasks scheduled from follow-on schedule check
