[2022-01-06 16:43:34,884] {taskinstance.py:1032} INFO - Dependencies all met for <TaskInstance: print_random_number.templated scheduled__2022-01-02T00:00:00+00:00 [queued]>
[2022-01-06 16:43:34,891] {taskinstance.py:1032} INFO - Dependencies all met for <TaskInstance: print_random_number.templated scheduled__2022-01-02T00:00:00+00:00 [queued]>
[2022-01-06 16:43:34,891] {taskinstance.py:1238} INFO - 
--------------------------------------------------------------------------------
[2022-01-06 16:43:34,891] {taskinstance.py:1239} INFO - Starting attempt 1 of 2
[2022-01-06 16:43:34,891] {taskinstance.py:1240} INFO - 
--------------------------------------------------------------------------------
[2022-01-06 16:43:34,900] {taskinstance.py:1259} INFO - Executing <Task(BashOperator): templated> on 2022-01-02 00:00:00+00:00
[2022-01-06 16:43:34,902] {standard_task_runner.py:52} INFO - Started process 64278 to run task
[2022-01-06 16:43:34,908] {standard_task_runner.py:76} INFO - Running: ['airflow', 'tasks', 'run', 'print_random_number', 'templated', 'scheduled__2022-01-02T00:00:00+00:00', '--job-id', '82', '--raw', '--subdir', 'DAGS_FOLDER/print_random.py', '--cfg-path', '/var/folders/3z/fyvld5jd6lxbb7nt49h4jx1h0000gn/T/tmp90je22u_', '--error-file', '/var/folders/3z/fyvld5jd6lxbb7nt49h4jx1h0000gn/T/tmp_phyxd51']
[2022-01-06 16:43:34,910] {standard_task_runner.py:77} INFO - Job 82: Subtask templated
[2022-01-06 16:43:34,951] {logging_mixin.py:109} INFO - Running <TaskInstance: print_random_number.templated scheduled__2022-01-02T00:00:00+00:00 [running]> on host 1.0.0.0.0.0.0.0.0.0.0.0.0.0.0.0.0.0.0.0.0.0.0.0.0.0.0.0.0.0.0.0.ip6.arpa
[2022-01-06 16:43:34,996] {taskinstance.py:1426} INFO - Exporting the following env vars:
AIRFLOW_CTX_DAG_EMAIL=airflow@example.com
AIRFLOW_CTX_DAG_OWNER=airflow
AIRFLOW_CTX_DAG_ID=print_random_number
AIRFLOW_CTX_TASK_ID=templated
AIRFLOW_CTX_EXECUTION_DATE=2022-01-02T00:00:00+00:00
AIRFLOW_CTX_DAG_RUN_ID=scheduled__2022-01-02T00:00:00+00:00
[2022-01-06 16:43:34,997] {subprocess.py:62} INFO - Tmp dir root location: 
 /var/folders/3z/fyvld5jd6lxbb7nt49h4jx1h0000gn/T
[2022-01-06 16:43:34,997] {subprocess.py:74} INFO - Running command: ['bash', '-c', '\n\n    echo "2022-01-02"\n    echo "2022-01-09"\n    echo "Parameter I passed in"\n\n    echo "2022-01-02"\n    echo "2022-01-09"\n    echo "Parameter I passed in"\n\n    echo "2022-01-02"\n    echo "2022-01-09"\n    echo "Parameter I passed in"\n\n    echo "2022-01-02"\n    echo "2022-01-09"\n    echo "Parameter I passed in"\n\n    echo "2022-01-02"\n    echo "2022-01-09"\n    echo "Parameter I passed in"\n']
[2022-01-06 16:43:35,004] {subprocess.py:85} INFO - Output:
[2022-01-06 16:43:35,006] {subprocess.py:89} INFO - 2022-01-02
[2022-01-06 16:43:35,007] {subprocess.py:89} INFO - 2022-01-09
[2022-01-06 16:43:35,007] {subprocess.py:89} INFO - Parameter I passed in
[2022-01-06 16:43:35,007] {subprocess.py:89} INFO - 2022-01-02
[2022-01-06 16:43:35,007] {subprocess.py:89} INFO - 2022-01-09
[2022-01-06 16:43:35,008] {subprocess.py:89} INFO - Parameter I passed in
[2022-01-06 16:43:35,008] {subprocess.py:89} INFO - 2022-01-02
[2022-01-06 16:43:35,008] {subprocess.py:89} INFO - 2022-01-09
[2022-01-06 16:43:35,009] {subprocess.py:89} INFO - Parameter I passed in
[2022-01-06 16:43:35,009] {subprocess.py:89} INFO - 2022-01-02
[2022-01-06 16:43:35,009] {subprocess.py:89} INFO - 2022-01-09
[2022-01-06 16:43:35,009] {subprocess.py:89} INFO - Parameter I passed in
[2022-01-06 16:43:35,010] {subprocess.py:89} INFO - 2022-01-02
[2022-01-06 16:43:35,010] {subprocess.py:89} INFO - 2022-01-09
[2022-01-06 16:43:35,010] {subprocess.py:89} INFO - Parameter I passed in
[2022-01-06 16:43:35,010] {subprocess.py:93} INFO - Command exited with return code 0
[2022-01-06 16:43:35,027] {taskinstance.py:1277} INFO - Marking task as SUCCESS. dag_id=print_random_number, task_id=templated, execution_date=20220102T000000, start_date=20220106T111334, end_date=20220106T111335
[2022-01-06 16:43:35,053] {local_task_job.py:154} INFO - Task exited with return code 0
[2022-01-06 16:43:35,075] {local_task_job.py:264} INFO - 0 downstream tasks scheduled from follow-on schedule check
