[2022-01-06 16:43:44,234] {taskinstance.py:1032} INFO - Dependencies all met for <TaskInstance: print_random_number.templated scheduled__2022-01-01T00:00:00+00:00 [queued]>
[2022-01-06 16:43:44,241] {taskinstance.py:1032} INFO - Dependencies all met for <TaskInstance: print_random_number.templated scheduled__2022-01-01T00:00:00+00:00 [queued]>
[2022-01-06 16:43:44,241] {taskinstance.py:1238} INFO - 
--------------------------------------------------------------------------------
[2022-01-06 16:43:44,241] {taskinstance.py:1239} INFO - Starting attempt 1 of 2
[2022-01-06 16:43:44,241] {taskinstance.py:1240} INFO - 
--------------------------------------------------------------------------------
[2022-01-06 16:43:44,251] {taskinstance.py:1259} INFO - Executing <Task(BashOperator): templated> on 2022-01-01 00:00:00+00:00
[2022-01-06 16:43:44,253] {standard_task_runner.py:52} INFO - Started process 64299 to run task
[2022-01-06 16:43:44,258] {standard_task_runner.py:76} INFO - Running: ['airflow', 'tasks', 'run', 'print_random_number', 'templated', 'scheduled__2022-01-01T00:00:00+00:00', '--job-id', '86', '--raw', '--subdir', 'DAGS_FOLDER/print_random.py', '--cfg-path', '/var/folders/3z/fyvld5jd6lxbb7nt49h4jx1h0000gn/T/tmpnrp8jzc2', '--error-file', '/var/folders/3z/fyvld5jd6lxbb7nt49h4jx1h0000gn/T/tmpjhem29bm']
[2022-01-06 16:43:44,260] {standard_task_runner.py:77} INFO - Job 86: Subtask templated
[2022-01-06 16:43:44,303] {logging_mixin.py:109} INFO - Running <TaskInstance: print_random_number.templated scheduled__2022-01-01T00:00:00+00:00 [running]> on host 1.0.0.0.0.0.0.0.0.0.0.0.0.0.0.0.0.0.0.0.0.0.0.0.0.0.0.0.0.0.0.0.ip6.arpa
[2022-01-06 16:43:44,351] {taskinstance.py:1426} INFO - Exporting the following env vars:
AIRFLOW_CTX_DAG_EMAIL=airflow@example.com
AIRFLOW_CTX_DAG_OWNER=airflow
AIRFLOW_CTX_DAG_ID=print_random_number
AIRFLOW_CTX_TASK_ID=templated
AIRFLOW_CTX_EXECUTION_DATE=2022-01-01T00:00:00+00:00
AIRFLOW_CTX_DAG_RUN_ID=scheduled__2022-01-01T00:00:00+00:00
[2022-01-06 16:43:44,352] {subprocess.py:62} INFO - Tmp dir root location: 
 /var/folders/3z/fyvld5jd6lxbb7nt49h4jx1h0000gn/T
[2022-01-06 16:43:44,353] {subprocess.py:74} INFO - Running command: ['bash', '-c', '\n\n    echo "2022-01-01"\n    echo "2022-01-08"\n    echo "Parameter I passed in"\n\n    echo "2022-01-01"\n    echo "2022-01-08"\n    echo "Parameter I passed in"\n\n    echo "2022-01-01"\n    echo "2022-01-08"\n    echo "Parameter I passed in"\n\n    echo "2022-01-01"\n    echo "2022-01-08"\n    echo "Parameter I passed in"\n\n    echo "2022-01-01"\n    echo "2022-01-08"\n    echo "Parameter I passed in"\n']
[2022-01-06 16:43:44,359] {subprocess.py:85} INFO - Output:
[2022-01-06 16:43:44,362] {subprocess.py:89} INFO - 2022-01-01
[2022-01-06 16:43:44,362] {subprocess.py:89} INFO - 2022-01-08
[2022-01-06 16:43:44,363] {subprocess.py:89} INFO - Parameter I passed in
[2022-01-06 16:43:44,364] {subprocess.py:89} INFO - 2022-01-01
[2022-01-06 16:43:44,364] {subprocess.py:89} INFO - 2022-01-08
[2022-01-06 16:43:44,365] {subprocess.py:89} INFO - Parameter I passed in
[2022-01-06 16:43:44,365] {subprocess.py:89} INFO - 2022-01-01
[2022-01-06 16:43:44,365] {subprocess.py:89} INFO - 2022-01-08
[2022-01-06 16:43:44,366] {subprocess.py:89} INFO - Parameter I passed in
[2022-01-06 16:43:44,366] {subprocess.py:89} INFO - 2022-01-01
[2022-01-06 16:43:44,367] {subprocess.py:89} INFO - 2022-01-08
[2022-01-06 16:43:44,367] {subprocess.py:89} INFO - Parameter I passed in
[2022-01-06 16:43:44,367] {subprocess.py:89} INFO - 2022-01-01
[2022-01-06 16:43:44,367] {subprocess.py:89} INFO - 2022-01-08
[2022-01-06 16:43:44,368] {subprocess.py:89} INFO - Parameter I passed in
[2022-01-06 16:43:44,368] {subprocess.py:93} INFO - Command exited with return code 0
[2022-01-06 16:43:44,386] {taskinstance.py:1277} INFO - Marking task as SUCCESS. dag_id=print_random_number, task_id=templated, execution_date=20220101T000000, start_date=20220106T111344, end_date=20220106T111344
[2022-01-06 16:43:44,445] {local_task_job.py:154} INFO - Task exited with return code 0
[2022-01-06 16:43:44,466] {local_task_job.py:264} INFO - 0 downstream tasks scheduled from follow-on schedule check
