[2022-01-05 18:23:32,839] {taskinstance.py:1032} INFO - Dependencies all met for <TaskInstance: example_bash_operator.runme_0 scheduled__2022-01-04T00:00:00+00:00 [queued]>
[2022-01-05 18:23:32,851] {taskinstance.py:1032} INFO - Dependencies all met for <TaskInstance: example_bash_operator.runme_0 scheduled__2022-01-04T00:00:00+00:00 [queued]>
[2022-01-05 18:23:32,851] {taskinstance.py:1238} INFO - 
--------------------------------------------------------------------------------
[2022-01-05 18:23:32,851] {taskinstance.py:1239} INFO - Starting attempt 1 of 1
[2022-01-05 18:23:32,851] {taskinstance.py:1240} INFO - 
--------------------------------------------------------------------------------
[2022-01-05 18:23:32,864] {taskinstance.py:1259} INFO - Executing <Task(BashOperator): runme_0> on 2022-01-04 00:00:00+00:00
[2022-01-05 18:23:32,867] {standard_task_runner.py:52} INFO - Started process 24827 to run task
[2022-01-05 18:23:32,877] {standard_task_runner.py:76} INFO - Running: ['airflow', 'tasks', 'run', 'example_bash_operator', 'runme_0', 'scheduled__2022-01-04T00:00:00+00:00', '--job-id', '6', '--raw', '--subdir', '/Users/admin/opt/miniconda3/envs/airflow-tutorial/lib/python3.7/site-packages/airflow/example_dags/example_bash_operator.py', '--cfg-path', '/var/folders/3z/fyvld5jd6lxbb7nt49h4jx1h0000gn/T/tmpru20ozec', '--error-file', '/var/folders/3z/fyvld5jd6lxbb7nt49h4jx1h0000gn/T/tmp2zpowbrw']
[2022-01-05 18:23:32,880] {standard_task_runner.py:77} INFO - Job 6: Subtask runme_0
[2022-01-05 18:23:32,939] {logging_mixin.py:109} INFO - Running <TaskInstance: example_bash_operator.runme_0 scheduled__2022-01-04T00:00:00+00:00 [running]> on host 1.0.0.0.0.0.0.0.0.0.0.0.0.0.0.0.0.0.0.0.0.0.0.0.0.0.0.0.0.0.0.0.ip6.arpa
[2022-01-05 18:23:32,978] {taskinstance.py:1426} INFO - Exporting the following env vars:
AIRFLOW_CTX_DAG_OWNER=airflow
AIRFLOW_CTX_DAG_ID=example_bash_operator
AIRFLOW_CTX_TASK_ID=runme_0
AIRFLOW_CTX_EXECUTION_DATE=2022-01-04T00:00:00+00:00
AIRFLOW_CTX_DAG_RUN_ID=scheduled__2022-01-04T00:00:00+00:00
[2022-01-05 18:23:32,979] {subprocess.py:62} INFO - Tmp dir root location: 
 /var/folders/3z/fyvld5jd6lxbb7nt49h4jx1h0000gn/T
[2022-01-05 18:23:32,979] {subprocess.py:74} INFO - Running command: ['bash', '-c', 'echo "example_bash_operator__runme_0__20220104" && sleep 1']
[2022-01-05 18:23:32,993] {subprocess.py:85} INFO - Output:
[2022-01-05 18:23:32,996] {subprocess.py:89} INFO - example_bash_operator__runme_0__20220104
[2022-01-05 18:23:34,006] {subprocess.py:93} INFO - Command exited with return code 0
[2022-01-05 18:23:34,044] {taskinstance.py:1277} INFO - Marking task as SUCCESS. dag_id=example_bash_operator, task_id=runme_0, execution_date=20220104T000000, start_date=20220105T125332, end_date=20220105T125334
[2022-01-05 18:23:34,069] {local_task_job.py:154} INFO - Task exited with return code 0
[2022-01-05 18:23:34,118] {local_task_job.py:264} INFO - 0 downstream tasks scheduled from follow-on schedule check
