[2022-01-06 16:43:28,359] {taskinstance.py:1032} INFO - Dependencies all met for <TaskInstance: print_random_number.print_6 scheduled__2021-12-31T00:00:00+00:00 [queued]>
[2022-01-06 16:43:28,368] {taskinstance.py:1032} INFO - Dependencies all met for <TaskInstance: print_random_number.print_6 scheduled__2021-12-31T00:00:00+00:00 [queued]>
[2022-01-06 16:43:28,368] {taskinstance.py:1238} INFO - 
--------------------------------------------------------------------------------
[2022-01-06 16:43:28,368] {taskinstance.py:1239} INFO - Starting attempt 4 of 4
[2022-01-06 16:43:28,369] {taskinstance.py:1240} INFO - 
--------------------------------------------------------------------------------
[2022-01-06 16:43:28,379] {taskinstance.py:1259} INFO - Executing <Task(PythonOperator): print_6> on 2021-12-31 00:00:00+00:00
[2022-01-06 16:43:28,381] {standard_task_runner.py:52} INFO - Started process 64260 to run task
[2022-01-06 16:43:28,388] {standard_task_runner.py:76} INFO - Running: ['airflow', 'tasks', 'run', 'print_random_number', 'print_6', 'scheduled__2021-12-31T00:00:00+00:00', '--job-id', '79', '--raw', '--subdir', 'DAGS_FOLDER/print_random.py', '--cfg-path', '/var/folders/3z/fyvld5jd6lxbb7nt49h4jx1h0000gn/T/tmpxnux0tac', '--error-file', '/var/folders/3z/fyvld5jd6lxbb7nt49h4jx1h0000gn/T/tmp9gup_7eu']
[2022-01-06 16:43:28,395] {standard_task_runner.py:77} INFO - Job 79: Subtask print_6
[2022-01-06 16:43:28,470] {logging_mixin.py:109} INFO - Running <TaskInstance: print_random_number.print_6 scheduled__2021-12-31T00:00:00+00:00 [running]> on host 1.0.0.0.0.0.0.0.0.0.0.0.0.0.0.0.0.0.0.0.0.0.0.0.0.0.0.0.0.0.0.0.ip6.arpa
[2022-01-06 16:43:28,525] {taskinstance.py:1426} INFO - Exporting the following env vars:
AIRFLOW_CTX_DAG_EMAIL=airflow@example.com
AIRFLOW_CTX_DAG_OWNER=airflow
AIRFLOW_CTX_DAG_ID=print_random_number
AIRFLOW_CTX_TASK_ID=print_6
AIRFLOW_CTX_EXECUTION_DATE=2021-12-31T00:00:00+00:00
AIRFLOW_CTX_DAG_RUN_ID=scheduled__2021-12-31T00:00:00+00:00
[2022-01-06 16:43:28,526] {logging_mixin.py:109} INFO - 6
[2022-01-06 16:43:28,526] {python.py:175} INFO - Done. Returned value was: None
[2022-01-06 16:43:28,533] {taskinstance.py:1277} INFO - Marking task as SUCCESS. dag_id=print_random_number, task_id=print_6, execution_date=20211231T000000, start_date=20220106T111328, end_date=20220106T111328
[2022-01-06 16:43:28,576] {local_task_job.py:154} INFO - Task exited with return code 0
[2022-01-06 16:43:28,603] {local_task_job.py:264} INFO - 2 downstream tasks scheduled from follow-on schedule check
