[2022-01-06 16:42:31,332] {taskinstance.py:1032} INFO - Dependencies all met for <TaskInstance: print_random_number.print_6 manual__2022-01-06T10:57:01.816828+00:00 [queued]>
[2022-01-06 16:42:31,340] {taskinstance.py:1032} INFO - Dependencies all met for <TaskInstance: print_random_number.print_6 manual__2022-01-06T10:57:01.816828+00:00 [queued]>
[2022-01-06 16:42:31,340] {taskinstance.py:1238} INFO - 
--------------------------------------------------------------------------------
[2022-01-06 16:42:31,340] {taskinstance.py:1239} INFO - Starting attempt 4 of 4
[2022-01-06 16:42:31,340] {taskinstance.py:1240} INFO - 
--------------------------------------------------------------------------------
[2022-01-06 16:42:31,349] {taskinstance.py:1259} INFO - Executing <Task(PythonOperator): print_6> on 2022-01-06 10:57:01.816828+00:00
[2022-01-06 16:42:31,351] {standard_task_runner.py:52} INFO - Started process 64142 to run task
[2022-01-06 16:42:31,356] {standard_task_runner.py:76} INFO - Running: ['airflow', 'tasks', 'run', 'print_random_number', 'print_6', 'manual__2022-01-06T10:57:01.816828+00:00', '--job-id', '63', '--raw', '--subdir', 'DAGS_FOLDER/print_random.py', '--cfg-path', '/var/folders/3z/fyvld5jd6lxbb7nt49h4jx1h0000gn/T/tmpfbly3s61', '--error-file', '/var/folders/3z/fyvld5jd6lxbb7nt49h4jx1h0000gn/T/tmpjzibl0uf']
[2022-01-06 16:42:31,358] {standard_task_runner.py:77} INFO - Job 63: Subtask print_6
[2022-01-06 16:42:31,399] {logging_mixin.py:109} INFO - Running <TaskInstance: print_random_number.print_6 manual__2022-01-06T10:57:01.816828+00:00 [running]> on host 1.0.0.0.0.0.0.0.0.0.0.0.0.0.0.0.0.0.0.0.0.0.0.0.0.0.0.0.0.0.0.0.ip6.arpa
[2022-01-06 16:42:31,433] {taskinstance.py:1426} INFO - Exporting the following env vars:
AIRFLOW_CTX_DAG_EMAIL=airflow@example.com
AIRFLOW_CTX_DAG_OWNER=airflow
AIRFLOW_CTX_DAG_ID=print_random_number
AIRFLOW_CTX_TASK_ID=print_6
AIRFLOW_CTX_EXECUTION_DATE=2022-01-06T10:57:01.816828+00:00
AIRFLOW_CTX_DAG_RUN_ID=manual__2022-01-06T10:57:01.816828+00:00
[2022-01-06 16:42:31,434] {logging_mixin.py:109} INFO - 6
[2022-01-06 16:42:31,434] {python.py:175} INFO - Done. Returned value was: None
[2022-01-06 16:42:31,440] {taskinstance.py:1277} INFO - Marking task as SUCCESS. dag_id=print_random_number, task_id=print_6, execution_date=20220106T105701, start_date=20220106T111231, end_date=20220106T111231
[2022-01-06 16:42:31,452] {local_task_job.py:154} INFO - Task exited with return code 0
[2022-01-06 16:42:31,476] {local_task_job.py:264} INFO - 2 downstream tasks scheduled from follow-on schedule check
