[2022-01-06 16:43:32,655] {taskinstance.py:1032} INFO - Dependencies all met for <TaskInstance: print_random_number.hello scheduled__2022-01-02T00:00:00+00:00 [queued]>
[2022-01-06 16:43:32,663] {taskinstance.py:1032} INFO - Dependencies all met for <TaskInstance: print_random_number.hello scheduled__2022-01-02T00:00:00+00:00 [queued]>
[2022-01-06 16:43:32,663] {taskinstance.py:1238} INFO - 
--------------------------------------------------------------------------------
[2022-01-06 16:43:32,663] {taskinstance.py:1239} INFO - Starting attempt 1 of 2
[2022-01-06 16:43:32,663] {taskinstance.py:1240} INFO - 
--------------------------------------------------------------------------------
[2022-01-06 16:43:32,672] {taskinstance.py:1259} INFO - Executing <Task(PythonOperator): hello> on 2022-01-02 00:00:00+00:00
[2022-01-06 16:43:32,674] {standard_task_runner.py:52} INFO - Started process 64274 to run task
[2022-01-06 16:43:32,680] {standard_task_runner.py:76} INFO - Running: ['airflow', 'tasks', 'run', 'print_random_number', 'hello', 'scheduled__2022-01-02T00:00:00+00:00', '--job-id', '81', '--raw', '--subdir', 'DAGS_FOLDER/print_random.py', '--cfg-path', '/var/folders/3z/fyvld5jd6lxbb7nt49h4jx1h0000gn/T/tmpuomuul7u', '--error-file', '/var/folders/3z/fyvld5jd6lxbb7nt49h4jx1h0000gn/T/tmplnvj2m22']
[2022-01-06 16:43:32,682] {standard_task_runner.py:77} INFO - Job 81: Subtask hello
[2022-01-06 16:43:32,723] {logging_mixin.py:109} INFO - Running <TaskInstance: print_random_number.hello scheduled__2022-01-02T00:00:00+00:00 [running]> on host 1.0.0.0.0.0.0.0.0.0.0.0.0.0.0.0.0.0.0.0.0.0.0.0.0.0.0.0.0.0.0.0.ip6.arpa
[2022-01-06 16:43:32,758] {taskinstance.py:1426} INFO - Exporting the following env vars:
AIRFLOW_CTX_DAG_EMAIL=airflow@example.com
AIRFLOW_CTX_DAG_OWNER=airflow
AIRFLOW_CTX_DAG_ID=print_random_number
AIRFLOW_CTX_TASK_ID=hello
AIRFLOW_CTX_EXECUTION_DATE=2022-01-02T00:00:00+00:00
AIRFLOW_CTX_DAG_RUN_ID=scheduled__2022-01-02T00:00:00+00:00
[2022-01-06 16:43:32,759] {logging_mixin.py:109} INFO - Hello
[2022-01-06 16:43:32,760] {python.py:175} INFO - Done. Returned value was: None
[2022-01-06 16:43:32,765] {taskinstance.py:1277} INFO - Marking task as SUCCESS. dag_id=print_random_number, task_id=hello, execution_date=20220102T000000, start_date=20220106T111332, end_date=20220106T111332
[2022-01-06 16:43:32,782] {local_task_job.py:154} INFO - Task exited with return code 0
[2022-01-06 16:43:32,801] {local_task_job.py:264} INFO - 0 downstream tasks scheduled from follow-on schedule check
