[2022-01-05 18:23:47,954] {taskinstance.py:1032} INFO - Dependencies all met for <TaskInstance: example_bash_operator.this_will_skip scheduled__2022-01-04T00:00:00+00:00 [queued]>
[2022-01-05 18:23:47,964] {taskinstance.py:1032} INFO - Dependencies all met for <TaskInstance: example_bash_operator.this_will_skip scheduled__2022-01-04T00:00:00+00:00 [queued]>
[2022-01-05 18:23:47,964] {taskinstance.py:1238} INFO - 
--------------------------------------------------------------------------------
[2022-01-05 18:23:47,964] {taskinstance.py:1239} INFO - Starting attempt 1 of 1
[2022-01-05 18:23:47,964] {taskinstance.py:1240} INFO - 
--------------------------------------------------------------------------------
[2022-01-05 18:23:47,978] {taskinstance.py:1259} INFO - Executing <Task(BashOperator): this_will_skip> on 2022-01-04 00:00:00+00:00
[2022-01-05 18:23:47,981] {standard_task_runner.py:52} INFO - Started process 24861 to run task
[2022-01-05 18:23:47,992] {standard_task_runner.py:76} INFO - Running: ['airflow', 'tasks', 'run', 'example_bash_operator', 'this_will_skip', 'scheduled__2022-01-04T00:00:00+00:00', '--job-id', '10', '--raw', '--subdir', '/Users/admin/opt/miniconda3/envs/airflow-tutorial/lib/python3.7/site-packages/airflow/example_dags/example_bash_operator.py', '--cfg-path', '/var/folders/3z/fyvld5jd6lxbb7nt49h4jx1h0000gn/T/tmpt6vubr3z', '--error-file', '/var/folders/3z/fyvld5jd6lxbb7nt49h4jx1h0000gn/T/tmp4ulndq9k']
[2022-01-05 18:23:47,999] {standard_task_runner.py:77} INFO - Job 10: Subtask this_will_skip
[2022-01-05 18:23:48,087] {logging_mixin.py:109} INFO - Running <TaskInstance: example_bash_operator.this_will_skip scheduled__2022-01-04T00:00:00+00:00 [running]> on host 1.0.0.0.0.0.0.0.0.0.0.0.0.0.0.0.0.0.0.0.0.0.0.0.0.0.0.0.0.0.0.0.ip6.arpa
[2022-01-05 18:23:48,176] {taskinstance.py:1426} INFO - Exporting the following env vars:
AIRFLOW_CTX_DAG_OWNER=airflow
AIRFLOW_CTX_DAG_ID=example_bash_operator
AIRFLOW_CTX_TASK_ID=this_will_skip
AIRFLOW_CTX_EXECUTION_DATE=2022-01-04T00:00:00+00:00
AIRFLOW_CTX_DAG_RUN_ID=scheduled__2022-01-04T00:00:00+00:00
[2022-01-05 18:23:48,177] {subprocess.py:62} INFO - Tmp dir root location: 
 /var/folders/3z/fyvld5jd6lxbb7nt49h4jx1h0000gn/T
[2022-01-05 18:23:48,181] {subprocess.py:74} INFO - Running command: ['bash', '-c', 'echo "hello world"; exit 99;']
[2022-01-05 18:23:48,200] {subprocess.py:85} INFO - Output:
[2022-01-05 18:23:48,205] {subprocess.py:89} INFO - hello world
[2022-01-05 18:23:48,206] {subprocess.py:93} INFO - Command exited with return code 99
[2022-01-05 18:23:48,208] {taskinstance.py:1356} INFO - Bash command returned exit code 99. Skipping.
[2022-01-05 18:23:48,222] {taskinstance.py:1277} INFO - Marking task as SKIPPED. dag_id=example_bash_operator, task_id=this_will_skip, execution_date=20220104T000000, start_date=20220105T125347, end_date=20220105T125348
[2022-01-05 18:23:48,268] {local_task_job.py:154} INFO - Task exited with return code 0
[2022-01-05 18:23:48,333] {local_task_job.py:264} INFO - 0 downstream tasks scheduled from follow-on schedule check
