[2022-01-07 15:36:13,896] {taskinstance.py:1032} INFO - Dependencies all met for <TaskInstance: new_description.sleep scheduled__2022-01-06T00:00:00+00:00 [queued]>
[2022-01-07 15:36:13,919] {taskinstance.py:1032} INFO - Dependencies all met for <TaskInstance: new_description.sleep scheduled__2022-01-06T00:00:00+00:00 [queued]>
[2022-01-07 15:36:13,920] {taskinstance.py:1238} INFO - 
--------------------------------------------------------------------------------
[2022-01-07 15:36:13,920] {taskinstance.py:1239} INFO - Starting attempt 1 of 2
[2022-01-07 15:36:13,920] {taskinstance.py:1240} INFO - 
--------------------------------------------------------------------------------
[2022-01-07 15:36:13,952] {taskinstance.py:1259} INFO - Executing <Task(BashOperator): sleep> on 2022-01-06 00:00:00+00:00
[2022-01-07 15:36:13,959] {standard_task_runner.py:52} INFO - Started process 89910 to run task
[2022-01-07 15:36:13,967] {standard_task_runner.py:76} INFO - Running: ['airflow', 'tasks', 'run', 'new_description', 'sleep', 'scheduled__2022-01-06T00:00:00+00:00', '--job-id', '326', '--raw', '--subdir', 'DAGS_FOLDER/new_description_dag.py', '--cfg-path', '/var/folders/3z/fyvld5jd6lxbb7nt49h4jx1h0000gn/T/tmp3rx2fqza', '--error-file', '/var/folders/3z/fyvld5jd6lxbb7nt49h4jx1h0000gn/T/tmpl34lvp8_']
[2022-01-07 15:36:13,971] {standard_task_runner.py:77} INFO - Job 326: Subtask sleep
[2022-01-07 15:36:14,063] {logging_mixin.py:109} INFO - Running <TaskInstance: new_description.sleep scheduled__2022-01-06T00:00:00+00:00 [running]> on host 1.0.0.0.0.0.0.0.0.0.0.0.0.0.0.0.0.0.0.0.0.0.0.0.0.0.0.0.0.0.0.0.ip6.arpa
[2022-01-07 15:36:14,121] {taskinstance.py:1426} INFO - Exporting the following env vars:
AIRFLOW_CTX_DAG_EMAIL=airflow@example.com
AIRFLOW_CTX_DAG_OWNER=airflow
AIRFLOW_CTX_DAG_ID=new_description
AIRFLOW_CTX_TASK_ID=sleep
AIRFLOW_CTX_EXECUTION_DATE=2022-01-06T00:00:00+00:00
AIRFLOW_CTX_DAG_RUN_ID=scheduled__2022-01-06T00:00:00+00:00
[2022-01-07 15:36:14,122] {subprocess.py:62} INFO - Tmp dir root location: 
 /var/folders/3z/fyvld5jd6lxbb7nt49h4jx1h0000gn/T
[2022-01-07 15:36:14,123] {subprocess.py:74} INFO - Running command: ['bash', '-c', 'sleep 5']
[2022-01-07 15:36:14,134] {subprocess.py:85} INFO - Output:
[2022-01-07 15:36:19,144] {subprocess.py:93} INFO - Command exited with return code 0
[2022-01-07 15:36:19,177] {taskinstance.py:1277} INFO - Marking task as SUCCESS. dag_id=new_description, task_id=sleep, execution_date=20220106T000000, start_date=20220107T100613, end_date=20220107T100619
[2022-01-07 15:36:19,224] {local_task_job.py:154} INFO - Task exited with return code 0
[2022-01-07 15:36:19,263] {local_task_job.py:264} INFO - 0 downstream tasks scheduled from follow-on schedule check
